<?xml version="1.0" encoding="UTF-8"?>
<!-- Generated by org.testng.reporters.JUnitReportReporter -->
<testsuite name="com.bambooui.bamboo.Module5" tests="1" time="26.426" ignored="0" failures="0" timestamp="21 Sep 2023 09:59:12 GMT" skipped="0" hostname="L10816" errors="0">
  <testcase name="TS05_TC01" time="26.426" classname="com.bambooui.bamboo.Module5"/>
</testsuite> <!-- com.bambooui.bamboo.Module5 -->
