<?xml version="1.0" encoding="UTF-8"?>
<!-- Generated by org.testng.reporters.JUnitReportReporter -->
<testsuite name="com.bambooui.bamboo.Module6" tests="1" time="32.768" ignored="0" failures="0" timestamp="11 Oct 2023 06:29:09 GMT" skipped="0" hostname="L10816" errors="0">
  <testcase name="TS06_TC01" time="32.768" classname="com.bambooui.bamboo.Module6"/>
</testsuite> <!-- com.bambooui.bamboo.Module6 -->
