<?xml version="1.0" encoding="UTF-8"?>
<!-- Generated by org.testng.reporters.JUnitReportReporter -->
<testsuite name="com.bambooui.bamboo.Module4" tests="1" time="37.137" ignored="0" failures="0" timestamp="21 Sep 2023 07:49:19 GMT" skipped="0" hostname="L10816" errors="0">
  <testcase name="TS04_TC01" time="37.137" classname="com.bambooui.bamboo.Module4"/>
</testsuite> <!-- com.bambooui.bamboo.Module4 -->
