<?xml version="1.0" encoding="UTF-8"?>
<!-- Generated by org.testng.reporters.JUnitReportReporter -->
<testsuite name="com.bambooui.bamboo.Module1" tests="1" time="38.038" ignored="1" failures="0" timestamp="11 Oct 2023 05:12:57 GMT" skipped="0" hostname="L10816" errors="0">
  <testcase name="TS01_TC02" time="38.038" classname="com.bambooui.bamboo.Module1"/>
  <testcase name="TS01_TC01" classname="com.bambooui.bamboo.Module1">
    <skipped/>
  </testcase> <!-- TS01_TC01 -->
</testsuite> <!-- com.bambooui.bamboo.Module1 -->
