<?xml version="1.0" encoding="UTF-8"?>
<!-- Generated by org.testng.reporters.JUnitReportReporter -->
<testsuite name="com.bambooui.bamboo.Module3" tests="1" time="29.866" ignored="0" failures="0" timestamp="21 Sep 2023 07:49:19 GMT" skipped="0" hostname="L10816" errors="0">
  <testcase name="TS03_TC01" time="29.866" classname="com.bambooui.bamboo.Module3"/>
</testsuite> <!-- com.bambooui.bamboo.Module3 -->
