<?xml version="1.0" encoding="UTF-8"?>
<!-- Generated by org.testng.reporters.JUnitReportReporter -->
<testsuite name="com.bambooui.bamboo.Module2" tests="1" time="49.374" ignored="0" failures="0" timestamp="05 Oct 2023 08:26:22 GMT" skipped="0" hostname="L10816" errors="0">
  <testcase name="TS02_TC01" time="49.374" classname="com.bambooui.bamboo.Module2"/>
</testsuite> <!-- com.bambooui.bamboo.Module2 -->
