<?xml version="1.0" encoding="UTF-8"?>
<!-- Generated by org.testng.reporters.JUnitReportReporter -->
<testsuite name="com.bambooapi.Bamboorestassured" tests="1" time="7.603" ignored="0" failures="0" timestamp="21 Sep 2023 07:49:19 GMT" skipped="0" hostname="L10816" errors="0">
  <testcase name="postauthFromFile" time="7.603" classname="com.bambooapi.Bamboorestassured"/>
</testsuite> <!-- com.bambooapi.Bamboorestassured -->
