<?xml version="1.0" encoding="UTF-8"?>
<!-- Generated by org.testng.reporters.JUnitReportReporter -->
<testsuite name="com.bambooui.bamboo.Module1" tests="1" time="25.968" ignored="1" failures="0" timestamp="06 Oct 2023 05:21:44 GMT" skipped="0" hostname="L10816" errors="0">
  <testcase name="TS01_TC01" time="25.968" classname="com.bambooui.bamboo.Module1"/>
  <testcase name="TS01_TC02" classname="com.bambooui.bamboo.Module1">
    <skipped/>
  </testcase> <!-- TS01_TC02 -->
</testsuite> <!-- com.bambooui.bamboo.Module1 -->
