<?xml version="1.0" encoding="UTF-8"?>
<!-- Generated by org.testng.reporters.JUnitReportReporter -->
<testsuite name="com.bambooui.bamboo.Module1" tests="1" time="30.284" ignored="2" failures="0" timestamp="04 Oct 2023 10:01:33 GMT" skipped="0" hostname="L10816" errors="0">
  <testcase name="TC001" time="30.284" classname="com.bambooui.bamboo.Module1"/>
  <testcase name="TC002" classname="com.bambooui.bamboo.Module1">
    <skipped/>
  </testcase> <!-- TC002 -->
  <testcase name="TC003" classname="com.bambooui.bamboo.Module1">
    <skipped/>
  </testcase> <!-- TC003 -->
</testsuite> <!-- com.bambooui.bamboo.Module1 -->
