<?xml version="1.0" encoding="UTF-8"?>
<!-- Generated by org.testng.reporters.JUnitReportReporter -->
<testsuite name="com.bambooui.bamboo.Module5" tests="1" time="43.562" ignored="0" failures="0" timestamp="06 Oct 2023 05:06:45 GMT" skipped="0" hostname="L10816" errors="0">
  <testcase name="TS05_TC01" time="43.562" classname="com.bambooui.bamboo.Module5"/>
</testsuite> <!-- com.bambooui.bamboo.Module5 -->
