<?xml version="1.0" encoding="UTF-8"?>
<!-- Generated by org.testng.reporters.JUnitReportReporter -->
<testsuite name="com.bambooui.bamboo.Module3" tests="1" time="37.328" ignored="0" failures="0" timestamp="05 Oct 2023 05:42:38 GMT" skipped="0" hostname="L10816" errors="0">
  <testcase name="TS03_TC01" time="37.328" classname="com.bambooui.bamboo.Module3"/>
</testsuite> <!-- com.bambooui.bamboo.Module3 -->
